build/outputs/logs/manifest-merger-debug-report.txt
-- Merging decision tree log ---
manifest
ADDED from src\main\AndroidManifest.xml:2:1-37:12
INJECTED from src\main\AndroidManifest.xml:2:1-37:12
INJECTED from src\main\AndroidManifest.xml:2:1-37:12
INJECTED from src\main\AndroidManifest.xml:2:1-37:12
MERGED from [com.spotify.android:auth:1.0.0-alpha] AndroidManifest.xml:22:1-55:12
MERGED from [com.spotify.sdk:spotify-player-24-noconnect-2.20b:] AndroidManifest.xml:22:1-32:12
MERGED from [com.android.support:customtabs:27.1.1] AndroidManifest.xml:17:1-22:12
MERGED from [com.android.support.constraint:constraint-layout:1.1.0] AndroidManifest.xml:2:1-11:12
MERGED from [com.android.support:support-core-ui:27.1.1] AndroidManifest.xml:17:1-22:12
MERGED from [com.android.support:support-core-utils:27.1.1] AndroidManifest.xml:17:1-22:12
MERGED from [com.android.support:support-compat:27.1.1] AndroidManifest.xml:17:1-22:12
MERGED from [android.arch.lifecycle:runtime:1.1.0] AndroidManifest.xml:17:1-22:12
INJECTED from src\main\AndroidManifest.xml:2:1-37:12
INJECTED from src\main\AndroidManifest.xml:2:1-37:12
INJECTED from src\main\AndroidManifest.xml:2:1-37:12
	package
		ADDED from src\main\AndroidManifest.xml:3:5-44
		INJECTED from src\main\AndroidManifest.xml
		INJECTED from src\main\AndroidManifest.xml
	android:versionName
		INJECTED from src\main\AndroidManifest.xml
		ADDED from src\main\AndroidManifest.xml:2:1-37:12
		INJECTED from src\main\AndroidManifest.xml
	android:versionCode
		INJECTED from src\main\AndroidManifest.xml
		ADDED from src\main\AndroidManifest.xml:2:1-37:12
		INJECTED from src\main\AndroidManifest.xml
	xmlns:android
		ADDED from src\main\AndroidManifest.xml:2:11-69
uses-permission#android.permission.INTERNET
ADDED from src\main\AndroidManifest.xml:5:5-67
MERGED from [com.spotify.android:auth:1.0.0-alpha] AndroidManifest.xml:31:5-67
MERGED from [com.spotify.android:auth:1.0.0-alpha] AndroidManifest.xml:31:5-67
	android:name
		ADDED from src\main\AndroidManifest.xml:5:22-64
uses-permission#android.permission.ACCESS_NETWORK_STATE
ADDED from src\main\AndroidManifest.xml:6:5-79
	android:name
		ADDED from src\main\AndroidManifest.xml:6:22-76
uses-permission#android.permission.WRITE_EXTERNAL_STORAGE
ADDED from src\main\AndroidManifest.xml:7:5-81
	android:name
		ADDED from src\main\AndroidManifest.xml:7:22-78
application
ADDED from src\main\AndroidManifest.xml:9:5-35:19
MERGED from [com.spotify.android:auth:1.0.0-alpha] AndroidManifest.xml:33:5-53:19
MERGED from [com.spotify.android:auth:1.0.0-alpha] AndroidManifest.xml:33:5-53:19
MERGED from [com.spotify.sdk:spotify-player-24-noconnect-2.20b:] AndroidManifest.xml:30:5-20
MERGED from [com.spotify.sdk:spotify-player-24-noconnect-2.20b:] AndroidManifest.xml:30:5-20
MERGED from [com.android.support.constraint:constraint-layout:1.1.0] AndroidManifest.xml:9:5-20
MERGED from [com.android.support.constraint:constraint-layout:1.1.0] AndroidManifest.xml:9:5-20
	android:label
		ADDED from src\main\AndroidManifest.xml:12:9-41
	android:roundIcon
		ADDED from src\main\AndroidManifest.xml:13:9-54
	android:icon
		ADDED from src\main\AndroidManifest.xml:11:9-43
	android:allowBackup
		ADDED from src\main\AndroidManifest.xml:10:9-35
	android:theme
		ADDED from src\main\AndroidManifest.xml:14:9-54
activity#com.spotify.sdk.demo.DemoActivity
ADDED from src\main\AndroidManifest.xml:15:9-23:20
	android:label
		ADDED from src\main\AndroidManifest.xml:17:13-56
	android:name
		ADDED from src\main\AndroidManifest.xml:16:13-61
intent-filter#action:name:android.intent.action.MAIN+category:name:android.intent.category.LAUNCHER
ADDED from src\main\AndroidManifest.xml:18:13-22:29
action#android.intent.action.MAIN
ADDED from src\main\AndroidManifest.xml:19:17-69
	android:name
		ADDED from src\main\AndroidManifest.xml:19:25-66
category#android.intent.category.LAUNCHER
ADDED from src\main\AndroidManifest.xml:21:17-77
	android:name
		ADDED from src\main\AndroidManifest.xml:21:27-74
activity#com.spotify.sdk.android.authentication.LoginActivity
ADDED from src\main\AndroidManifest.xml:24:9-26:75
MERGED from [com.spotify.android:auth:1.0.0-alpha] AndroidManifest.xml:49:9-52:20
MERGED from [com.spotify.android:auth:1.0.0-alpha] AndroidManifest.xml:49:9-52:20
	android:theme
		ADDED from src\main\AndroidManifest.xml:26:13-72
	android:name
		ADDED from src\main\AndroidManifest.xml:25:13-80
activity#com.spotify.sdk.demo.MainActivity
ADDED from src\main\AndroidManifest.xml:27:9-34:20
	android:parentActivityName
		ADDED from src\main\AndroidManifest.xml:30:13-75
	android:label
		ADDED from src\main\AndroidManifest.xml:29:13-56
	android:name
		ADDED from src\main\AndroidManifest.xml:28:13-61
meta-data#android.support.PARENT_ACTIVITY
ADDED from src\main\AndroidManifest.xml:31:13-33:69
	android:value
		ADDED from src\main\AndroidManifest.xml:33:17-66
	android:name
		ADDED from src\main\AndroidManifest.xml:32:17-63
uses-sdk
INJECTED from src\main\AndroidManifest.xml reason: use-sdk injection requested
INJECTED from src\main\AndroidManifest.xml
INJECTED from src\main\AndroidManifest.xml
MERGED from [com.spotify.android:auth:1.0.0-alpha] AndroidManifest.xml:27:5-29:41
MERGED from [com.spotify.android:auth:1.0.0-alpha] AndroidManifest.xml:27:5-29:41
MERGED from [com.spotify.sdk:spotify-player-24-noconnect-2.20b:] AndroidManifest.xml:26:5-28:41
MERGED from [com.spotify.sdk:spotify-player-24-noconnect-2.20b:] AndroidManifest.xml:26:5-28:41
MERGED from [com.android.support:customtabs:27.1.1] AndroidManifest.xml:20:5-44
MERGED from [com.android.support:customtabs:27.1.1] AndroidManifest.xml:20:5-44
MERGED from [com.android.support.constraint:constraint-layout:1.1.0] AndroidManifest.xml:5:5-7:41
MERGED from [com.android.support.constraint:constraint-layout:1.1.0] AndroidManifest.xml:5:5-7:41
MERGED from [com.android.support:support-core-ui:27.1.1] AndroidManifest.xml:20:5-44
MERGED from [com.android.support:support-core-ui:27.1.1] AndroidManifest.xml:20:5-44
MERGED from [com.android.support:support-core-utils:27.1.1] AndroidManifest.xml:20:5-44
MERGED from [com.android.support:support-core-utils:27.1.1] AndroidManifest.xml:20:5-44
MERGED from [com.android.support:support-compat:27.1.1] AndroidManifest.xml:20:5-44
MERGED from [com.android.support:support-compat:27.1.1] AndroidManifest.xml:20:5-44
MERGED from [android.arch.lifecycle:runtime:1.1.0] AndroidManifest.xml:20:5-44
MERGED from [android.arch.lifecycle:runtime:1.1.0] AndroidManifest.xml:20:5-44
INJECTED from src\main\AndroidManifest.xml
INJECTED from src\main\AndroidManifest.xml
	android:targetSdkVersion
		INJECTED from src\main\AndroidManifest.xml
		ADDED from src\main\AndroidManifest.xml
		INJECTED from src\main\AndroidManifest.xml
	android:minSdkVersion
		INJECTED from src\main\AndroidManifest.xml
		ADDED from src\main\AndroidManifest.xml
		INJECTED from src\main\AndroidManifest.xml
activity#com.spotify.sdk.android.authentication.AuthCallbackActivity
ADDED from [com.spotify.android:auth:1.0.0-alpha] AndroidManifest.xml:34:9-48:20
	android:exported
		ADDED from [com.spotify.android:auth:1.0.0-alpha] AndroidManifest.xml:36:13-36
	android:theme
		ADDED from [com.spotify.android:auth:1.0.0-alpha] AndroidManifest.xml:37:13-72
	android:name
		ADDED from [com.spotify.android:auth:1.0.0-alpha] AndroidManifest.xml:35:13-87
intent-filter#action:name:android.intent.action.VIEW+category:name:android.intent.category.BROWSABLE+category:name:android.intent.category.DEFAULT+data:host:@string/com_spotify_sdk_redirect_host+data:scheme:@string/com_spotify_sdk_redirect_scheme
ADDED from [com.spotify.android:auth:1.0.0-alpha] AndroidManifest.xml:38:13-47:29
action#android.intent.action.VIEW
ADDED from [com.spotify.android:auth:1.0.0-alpha] AndroidManifest.xml:39:17-69
	android:name
		ADDED from [com.spotify.android:auth:1.0.0-alpha] AndroidManifest.xml:39:25-66
category#android.intent.category.DEFAULT
ADDED from [com.spotify.android:auth:1.0.0-alpha] AndroidManifest.xml:41:17-76
	android:name
		ADDED from [com.spotify.android:auth:1.0.0-alpha] AndroidManifest.xml:41:27-73
category#android.intent.category.BROWSABLE
ADDED from [com.spotify.android:auth:1.0.0-alpha] AndroidManifest.xml:42:17-78
	android:name
		ADDED from [com.spotify.android:auth:1.0.0-alpha] AndroidManifest.xml:42:27-75
data
ADDED from [com.spotify.android:auth:1.0.0-alpha] AndroidManifest.xml:44:17-46:80
	android:host
		ADDED from [com.spotify.android:auth:1.0.0-alpha] AndroidManifest.xml:45:21-73
	android:scheme
		ADDED from [com.spotify.android:auth:1.0.0-alpha] AndroidManifest.xml:46:21-77